<?xml version="1.0" encoding="UTF-8"?>
<!-- Generated by org.testng.reporters.JUnitReportReporter -->
<testsuite skipped="0" hostname="User" name="utility.extentReportBasic" tests="2" failures="0" timestamp="2020-09-22T21:46:08 IST" time="0.074" errors="0">
  <testcase name="test1" time="0.067" classname="utility.extentReportBasic"/>
  <system-out/>
  <testcase name="test2" time="0.007" classname="utility.extentReportBasic"/>
  <system-out/>
</testsuite> <!-- utility.extentReportBasic -->
