<?xml version="1.0" encoding="UTF-8"?>
<!-- Generated by org.testng.reporters.JUnitReportReporter -->
<testsuite skipped="0" hostname="User" name="testCases.KiteLoginTest" tests="1" failures="0" timestamp="2020-09-23T19:09:30 IST" time="9.579" errors="0">
  <testcase name="loginTest" time="9.579" classname="testCases.KiteLoginTest"/>
  <system-out/>
</testsuite> <!-- testCases.KiteLoginTest -->
